<?xml version="1.0" encoding="UTF-8"?>
<testsuite xmlns:xsi="http://www.w3.org/2001/XMLSchema-instance" xsi:noNamespaceSchemaLocation="https://maven.apache.org/surefire/maven-surefire-plugin/xsd/surefire-test-report.xsd" name="com.lucy.test.ApiTest" time="5.498" tests="3" errors="0" skipped="0" failures="3">
  <properties>
[...]
</properties>
  <testcase name="testBeijing" classname="com.lucy.test.ApiTest" time="5.116">
    <failure message="expected: &lt;北京&gt; but was: &lt;鍖椾含&gt;" type="org.opentest4j.AssertionFailedError"><![CDATA[org.opentest4j.AssertionFailedError: expected: <北京> but was: <鍖椾含>
	at com.lucy.test.ApiTest.testBeijing(ApiTest.java:86)
]]></failure>
    <system-out><![CDATA[C:\Users\Admin\interface.properties
配置文件加载失败，请检查C:\Users\Admin\interface.properties
{"weatherinfo":{"city":"鍖椾含","cityid":"101010100","temp1":"18鈩?","temp2":"31鈩?","weather":"澶氫簯杞槾","img1":"n1.gif","img2":"d2.gif","ptime":"18:00"}}
北京Test Finished
]]></system-out>
  </testcase>
  <testcase name="testShangHai" classname="com.lucy.test.ApiTest" time="0.176">
    <failure message="expected: &lt;上海&gt; but was: &lt;涓婃捣&gt;" type="org.opentest4j.AssertionFailedError"><![CDATA[org.opentest4j.AssertionFailedError: expected: <上海> but was: <涓婃捣>
	at com.lucy.test.ApiTest.testShangHai(ApiTest.java:78)
]]></failure>
    <system-out><![CDATA[C:\Users\Admin\interface.properties
配置文件加载失败，请检查C:\Users\Admin\interface.properties
{"weatherinfo":{"city":"涓婃捣","cityid":"101020100","temp1":"19鈩?","temp2":"23鈩?","weather":"澶ч洦杞腑闆?","img1":"n9.gif","img2":"d8.gif","ptime":"18:00"}}
上海Test Finished
]]></system-out>
  </testcase>
  <testcase name="testShenZhen" classname="com.lucy.test.ApiTest" time="0.133">
    <failure message="expected: &lt;深圳&gt; but was: &lt;娣卞湷&gt;" type="org.opentest4j.AssertionFailedError"><![CDATA[org.opentest4j.AssertionFailedError: expected: <深圳> but was: <娣卞湷>
	at com.lucy.test.ApiTest.testShenZhen(ApiTest.java:71)
]]></failure>
    <system-out><![CDATA[C:\Users\Admin\interface.properties
配置文件加载失败，请检查C:\Users\Admin\interface.properties
{"weatherinfo":{"city":"娣卞湷","cityid":"101280601","temp1":"24鈩?","temp2":"30鈩?","weather":"闃甸洦杞ぇ闆?","img1":"n3.gif","img2":"d9.gif","ptime":"18:00"}}
深圳Test Finished
]]></system-out>
  </testcase>
</testsuite>